<?xml version="1.0" encoding="UTF-8"?>
<!-- Generated by org.testng.reporters.JUnitXMLReporter -->
<testsuite ignored="0" hostname="Amrutha" failures="0" tests="5" name="Test" time="1806.402" errors="0" timestamp="2021-02-03T10:15:37 IST">
  <testcase classname="com.crm.autodesk.genericlib.BaseClass" name="@AfterTest configAT" time="0.001">
    <failure type="org.openqa.selenium.NoSuchSessionException" message="Session ID is null. Using WebDriver after calling quit()?
Build info: version: &amp;apos;3.141.59&amp;apos;, revision: &amp;apos;e82be7d358&amp;apos;, time: &amp;apos;2018-11-14T08:25:53&amp;apos;
System info: host: &amp;apos;AMRUTHA&amp;apos;, ip: &amp;apos;192.168.217.1&amp;apos;, os.name: &amp;apos;Windows 8.1&amp;apos;, os.arch: &amp;apos;amd64&amp;apos;, os.version: &amp;apos;6.3&amp;apos;, java.version: &amp;apos;13.0.2&amp;apos;
Driver info: driver.version: RemoteWebDriver">
      <![CDATA[org.openqa.selenium.NoSuchSessionException: Session ID is null. Using WebDriver after calling quit()?
Build info: version: '3.141.59', revision: 'e82be7d358', time: '2018-11-14T08:25:53'
System info: host: 'AMRUTHA', ip: '192.168.217.1', os.name: 'Windows 8.1', os.arch: 'amd64', os.version: '6.3', java.version: '13.0.2'
Driver info: driver.version: RemoteWebDriver
at org.openqa.selenium.remote.HttpCommandExecutor.execute(HttpCommandExecutor.java:125)
at org.openqa.selenium.remote.service.DriverCommandExecutor.execute(DriverCommandExecutor.java:83)
at org.openqa.selenium.remote.RemoteWebDriver.execute(RemoteWebDriver.java:552)
at org.openqa.selenium.remote.RemoteWebDriver.execute(RemoteWebDriver.java:609)
at org.openqa.selenium.remote.RemoteWebDriver.close(RemoteWebDriver.java:442)
at com.crm.autodesk.genericlib.BaseClass.configAT(BaseClass.java:119)
... Removed 24 stack frames]]>
    </failure>
  </testcase> <!-- @AfterTest configAT -->
  <testcase classname="com.crm.autodesk.organization.Createorganization" name="CreateOrgwithType" time="41.272"/>
  <testcase classname="com.crm.autodesk.organization.Createorganization" name="Createorganization" time="820.854"/>
  <testcase classname="com.crm.autodesk.organization.Createorganization" name="CreateorgwithIndustry" time="806.241"/>
  <testcase classname="com.crm.autodesk.organization.Createorganization" name="CreateorgwithIndustrydropdown" time="25.226"/>
  <testcase classname="com.crm.autodesk.organization.Createorganization" name="CreateorgwithTypeDropDown" time="24.613"/>
</testsuite> <!-- Test -->
