<?xml version="1.0" encoding="UTF-8"?>
<!-- Generated by org.testng.reporters.JUnitXMLReporter -->
<testsuite ignored="0" hostname="Amrutha" failures="0" tests="5" name="Test" time="9.899" errors="0" timestamp="2021-02-01T23:53:29 IST">
  <testcase classname="com.crm.autodesk.genericlib.BaseClass" name="@BeforeClass configBCParallel" time="-1.612203808472E9">
    <failure type="org.testng.TestNGException" message="
Can inject only one of &amp;lt;ITestContext, XmlTest&amp;gt; into a @BeforeClass annotated configBCParallel.
For more information on native dependency injection please refer to https://testng.org/doc/documentation-main.html#native-dependency-injection">
      <![CDATA[org.testng.TestNGException: 
Can inject only one of <ITestContext, XmlTest> into a @BeforeClass annotated configBCParallel.
For more information on native dependency injection please refer to https://testng.org/doc/documentation-main.html#native-dependency-injection
at java.base/java.util.ArrayList.forEach(ArrayList.java:1507)
... Removed 22 stack frames]]>
    </failure>
  </testcase> <!-- @BeforeClass configBCParallel -->
  <testcase classname="com.crm.autodesk.genericlib.BaseClass" name="@BeforeMethod configBM" time="-1.612203808599E9">
    <skipped/>
  </testcase> <!-- @BeforeMethod configBM -->
  <testcase classname="com.crm.autodesk.genericlib.BaseClass" name="@AfterMethod configAM" time="-1.612203808627E9">
    <skipped/>
  </testcase> <!-- @AfterMethod configAM -->
  <testcase classname="com.crm.autodesk.genericlib.BaseClass" name="@BeforeMethod configBM" time="-1.612203808639E9">
    <skipped/>
  </testcase> <!-- @BeforeMethod configBM -->
  <testcase classname="com.crm.autodesk.genericlib.BaseClass" name="@AfterMethod configAM" time="-1.612203808672E9">
    <skipped/>
  </testcase> <!-- @AfterMethod configAM -->
  <testcase classname="com.crm.autodesk.genericlib.BaseClass" name="@BeforeMethod configBM" time="-1.612203808678E9">
    <skipped/>
  </testcase> <!-- @BeforeMethod configBM -->
  <testcase classname="com.crm.autodesk.genericlib.BaseClass" name="@AfterMethod configAM" time="-1.612203808745E9">
    <skipped/>
  </testcase> <!-- @AfterMethod configAM -->
  <testcase classname="com.crm.autodesk.genericlib.BaseClass" name="@BeforeMethod configBM" time="-1.612203808754E9">
    <skipped/>
  </testcase> <!-- @BeforeMethod configBM -->
  <testcase classname="com.crm.autodesk.genericlib.BaseClass" name="@AfterMethod configAM" time="-1.612203808795E9">
    <skipped/>
  </testcase> <!-- @AfterMethod configAM -->
  <testcase classname="com.crm.autodesk.genericlib.BaseClass" name="@BeforeMethod configBM" time="-1.612203808808E9">
    <skipped/>
  </testcase> <!-- @BeforeMethod configBM -->
  <testcase classname="com.crm.autodesk.genericlib.BaseClass" name="@AfterMethod configAM" time="-1.612203808846E9">
    <skipped/>
  </testcase> <!-- @AfterMethod configAM -->
  <testcase classname="com.crm.autodesk.genericlib.BaseClass" name="@AfterClass configAC" time="-1.612203808882E9">
    <skipped/>
  </testcase> <!-- @AfterClass configAC -->
  <testcase classname="com.crm.autodesk.organization.Createorganization" name="CreateOrgwithType" time="0.0">
    <skipped/>
  </testcase> <!-- CreateOrgwithType -->
  <testcase classname="com.crm.autodesk.organization.Createorganization" name="Createorganization" time="0.0">
    <skipped/>
  </testcase> <!-- Createorganization -->
  <testcase classname="com.crm.autodesk.organization.Createorganization" name="CreateorgwithIndustry" time="0.0">
    <skipped/>
  </testcase> <!-- CreateorgwithIndustry -->
  <testcase classname="com.crm.autodesk.organization.Createorganization" name="CreateorgwithIndustrydropdown" time="0.0">
    <skipped/>
  </testcase> <!-- CreateorgwithIndustrydropdown -->
  <testcase classname="com.crm.autodesk.organization.Createorganization" name="CreateorgwithTypeDropDown" time="0.0">
    <skipped/>
  </testcase> <!-- CreateorgwithTypeDropDown -->
</testsuite> <!-- Test -->
