<?xml version="1.0" encoding="UTF-8"?>
<testng-results ignored="0" total="1" passed="1" failed="0" skipped="0">
  <reporter-output>
  </reporter-output>
  <suite started-at="2021-02-14T01:33:39 IST" name="Default suite" finished-at="2021-02-14T01:33:59 IST" duration-ms="19793">
    <groups>
    </groups>
    <test started-at="2021-02-14T01:33:39 IST" name="Default test" finished-at="2021-02-14T01:33:59 IST" duration-ms="19793">
      <class name="sdet2.vtigercreatelead">
        <test-method signature="createlead()[pri:0, instance:sdet2.vtigercreatelead@482bce4f]" started-at="2021-02-14T01:33:39 IST" name="createlead" finished-at="2021-02-14T01:33:59 IST" duration-ms="19731" status="PASS">
          <reporter-output>
          </reporter-output>
        </test-method> <!-- createlead -->
      </class> <!-- sdet2.vtigercreatelead -->
    </test> <!-- Default test -->
  </suite> <!-- Default suite -->
</testng-results>
